{"/Users/mihailkostrica/Desktop/visual-programming-dz/lab3/src/csvConverter.ts": {"path":"/Users/mihailkostrica/Desktop/visual-programming-dz/lab3/src/csvConverter.ts","all":false,"statementMap":{"0":{"start":{"line":1,"column":0},"end":{"line":1,"column":0}},"1":{"start":{"line":2,"column":0},"end":{"line":2,"column":55}},"2":{"start":{"line":3,"column":0},"end":{"line":3,"column":0}},"3":{"start":{"line":4,"column":0},"end":{"line":4,"column":73}},"4":{"start":{"line":5,"column":0},"end":{"line":5,"column":37}},"5":{"start":{"line":6,"column":0},"end":{"line":6,"column":41}},"6":{"start":{"line":7,"column":0},"end":{"line":7,"column":3}},"7":{"start":{"line":8,"column":0},"end":{"line":8,"column":0}},"8":{"start":{"line":9,"column":0},"end":{"line":9,"column":39}},"9":{"start":{"line":10,"column":0},"end":{"line":10,"column":49}},"10":{"start":{"line":11,"column":0},"end":{"line":11,"column":3}},"11":{"start":{"line":12,"column":0},"end":{"line":12,"column":0}},"12":{"start":{"line":13,"column":0},"end":{"line":13,"column":44}},"13":{"start":{"line":14,"column":0},"end":{"line":14,"column":2}},"14":{"start":{"line":15,"column":0},"end":{"line":15,"column":29}},"15":{"start":{"line":16,"column":0},"end":{"line":16,"column":40}},"16":{"start":{"line":17,"column":0},"end":{"line":17,"column":3}},"17":{"start":{"line":18,"column":0},"end":{"line":18,"column":0}},"18":{"start":{"line":19,"column":0},"end":{"line":19,"column":30}},"19":{"start":{"line":20,"column":0},"end":{"line":20,"column":0}},"20":{"start":{"line":21,"column":0},"end":{"line":21,"column":42}},"21":{"start":{"line":22,"column":0},"end":{"line":22,"column":45}},"22":{"start":{"line":23,"column":0},"end":{"line":23,"column":4}},"23":{"start":{"line":24,"column":0},"end":{"line":24,"column":43}},"24":{"start":{"line":25,"column":0},"end":{"line":25,"column":96}},"25":{"start":{"line":26,"column":0},"end":{"line":26,"column":5}},"26":{"start":{"line":27,"column":0},"end":{"line":27,"column":0}},"27":{"start":{"line":28,"column":0},"end":{"line":28,"column":52}},"28":{"start":{"line":29,"column":0},"end":{"line":29,"column":46}},"29":{"start":{"line":30,"column":0},"end":{"line":30,"column":45}},"30":{"start":{"line":31,"column":0},"end":{"line":31,"column":6}},"31":{"start":{"line":32,"column":0},"end":{"line":32,"column":50}},"32":{"start":{"line":33,"column":0},"end":{"line":33,"column":30}},"33":{"start":{"line":34,"column":0},"end":{"line":34,"column":7}},"34":{"start":{"line":35,"column":0},"end":{"line":35,"column":30}},"35":{"start":{"line":36,"column":0},"end":{"line":36,"column":5}},"36":{"start":{"line":37,"column":0},"end":{"line":37,"column":4}},"37":{"start":{"line":38,"column":0},"end":{"line":38,"column":21}},"38":{"start":{"line":39,"column":0},"end":{"line":39,"column":3}},"39":{"start":{"line":40,"column":0},"end":{"line":40,"column":0}},"40":{"start":{"line":41,"column":0},"end":{"line":41,"column":16}},"41":{"start":{"line":42,"column":0},"end":{"line":42,"column":1}},"42":{"start":{"line":43,"column":0},"end":{"line":43,"column":0}},"43":{"start":{"line":44,"column":0},"end":{"line":44,"column":46}},"44":{"start":{"line":45,"column":0},"end":{"line":45,"column":17}},"45":{"start":{"line":46,"column":0},"end":{"line":46,"column":18}},"46":{"start":{"line":47,"column":0},"end":{"line":47,"column":19}},"47":{"start":{"line":48,"column":0},"end":{"line":48,"column":18}},"48":{"start":{"line":49,"column":0},"end":{"line":49,"column":53}},"49":{"start":{"line":50,"column":0},"end":{"line":50,"column":75}},"50":{"start":{"line":51,"column":0},"end":{"line":51,"column":47}},"51":{"start":{"line":52,"column":0},"end":{"line":52,"column":70}},"52":{"start":{"line":53,"column":0},"end":{"line":53,"column":1}}},"s":{"0":1,"1":1,"2":1,"3":1,"4":3,"5":1,"6":1,"7":2,"8":3,"9":0,"10":0,"11":2,"12":2,"13":2,"14":3,"15":0,"16":0,"17":2,"18":2,"19":2,"20":3,"21":3,"22":3,"23":3,"24":0,"25":0,"26":3,"27":3,"28":3,"29":6,"30":6,"31":6,"32":4,"33":4,"34":6,"35":6,"36":3,"37":3,"38":3,"39":2,"40":2,"41":2,"42":1,"43":1,"44":1,"45":1,"46":1,"47":1,"48":1,"49":1,"50":1,"51":1,"52":1},"branchMap":{"0":{"type":"branch","line":4,"loc":{"start":{"line":4,"column":7},"end":{"line":42,"column":1}},"locations":[{"start":{"line":4,"column":7},"end":{"line":42,"column":1}}]},"1":{"type":"branch","line":5,"loc":{"start":{"line":5,"column":36},"end":{"line":7,"column":3}},"locations":[{"start":{"line":5,"column":36},"end":{"line":7,"column":3}}]},"2":{"type":"branch","line":7,"loc":{"start":{"line":7,"column":2},"end":{"line":9,"column":38}},"locations":[{"start":{"line":7,"column":2},"end":{"line":9,"column":38}}]},"3":{"type":"branch","line":9,"loc":{"start":{"line":9,"column":38},"end":{"line":11,"column":3}},"locations":[{"start":{"line":9,"column":38},"end":{"line":11,"column":3}}]},"4":{"type":"branch","line":11,"loc":{"start":{"line":11,"column":2},"end":{"line":15,"column":28}},"locations":[{"start":{"line":11,"column":2},"end":{"line":15,"column":28}}]},"5":{"type":"branch","line":15,"loc":{"start":{"line":15,"column":28},"end":{"line":17,"column":3}},"locations":[{"start":{"line":15,"column":28},"end":{"line":17,"column":3}}]},"6":{"type":"branch","line":17,"loc":{"start":{"line":17,"column":2},"end":{"line":21,"column":41}},"locations":[{"start":{"line":17,"column":2},"end":{"line":21,"column":41}}]},"7":{"type":"branch","line":24,"loc":{"start":{"line":24,"column":42},"end":{"line":26,"column":5}},"locations":[{"start":{"line":24,"column":42},"end":{"line":26,"column":5}}]},"8":{"type":"branch","line":29,"loc":{"start":{"line":29,"column":45},"end":{"line":36,"column":5}},"locations":[{"start":{"line":29,"column":45},"end":{"line":36,"column":5}}]},"9":{"type":"branch","line":32,"loc":{"start":{"line":32,"column":30},"end":{"line":32,"column":49}},"locations":[{"start":{"line":32,"column":30},"end":{"line":32,"column":49}}]},"10":{"type":"branch","line":32,"loc":{"start":{"line":32,"column":49},"end":{"line":34,"column":7}},"locations":[{"start":{"line":32,"column":49},"end":{"line":34,"column":7}}]},"11":{"type":"branch","line":39,"loc":{"start":{"line":39,"column":2},"end":{"line":42,"column":1}},"locations":[{"start":{"line":39,"column":2},"end":{"line":42,"column":1}}]},"12":{"type":"branch","line":44,"loc":{"start":{"line":44,"column":0},"end":{"line":53,"column":1}},"locations":[{"start":{"line":44,"column":0},"end":{"line":53,"column":1}}]},"13":{"type":"branch","line":50,"loc":{"start":{"line":50,"column":47},"end":{"line":50,"column":73}},"locations":[{"start":{"line":50,"column":47},"end":{"line":50,"column":73}}]}},"b":{"0":[3],"1":[1],"2":[2],"3":[0],"4":[2],"5":[0],"6":[2],"7":[0],"8":[6],"9":[4],"10":[4],"11":[2],"12":[1],"13":[2]},"fnMap":{"0":{"name":"csvToJSON","decl":{"start":{"line":4,"column":7},"end":{"line":42,"column":1}},"loc":{"start":{"line":4,"column":7},"end":{"line":42,"column":1}},"line":4},"1":{"name":"formatCSVFileToJSONFile","decl":{"start":{"line":44,"column":0},"end":{"line":53,"column":1}},"loc":{"start":{"line":44,"column":0},"end":{"line":53,"column":1}},"line":44}},"f":{"0":3,"1":1}}
}
