{"/Users/mihailkostrica/Desktop/visual-programming-dz/lab5/src/lab5.ts": {"path":"/Users/mihailkostrica/Desktop/visual-programming-dz/lab5/src/lab5.ts","all":false,"statementMap":{"0":{"start":{"line":1,"column":0},"end":{"line":1,"column":26}},"1":{"start":{"line":2,"column":0},"end":{"line":2,"column":30}},"2":{"start":{"line":3,"column":0},"end":{"line":3,"column":42}},"3":{"start":{"line":4,"column":0},"end":{"line":4,"column":28}},"4":{"start":{"line":5,"column":0},"end":{"line":5,"column":24}},"5":{"start":{"line":6,"column":0},"end":{"line":6,"column":0}},"6":{"start":{"line":7,"column":0},"end":{"line":7,"column":34}},"7":{"start":{"line":8,"column":0},"end":{"line":8,"column":79}},"8":{"start":{"line":9,"column":0},"end":{"line":9,"column":70}},"9":{"start":{"line":10,"column":0},"end":{"line":10,"column":87}},"10":{"start":{"line":11,"column":0},"end":{"line":11,"column":88}},"11":{"start":{"line":12,"column":0},"end":{"line":12,"column":19}},"12":{"start":{"line":13,"column":0},"end":{"line":13,"column":1}},"13":{"start":{"line":14,"column":0},"end":{"line":14,"column":0}},"14":{"start":{"line":15,"column":0},"end":{"line":15,"column":68}},"15":{"start":{"line":16,"column":0},"end":{"line":16,"column":22}},"16":{"start":{"line":17,"column":0},"end":{"line":17,"column":54}},"17":{"start":{"line":18,"column":0},"end":{"line":18,"column":30}},"18":{"start":{"line":19,"column":0},"end":{"line":19,"column":0}},"19":{"start":{"line":20,"column":0},"end":{"line":20,"column":28}},"20":{"start":{"line":21,"column":0},"end":{"line":21,"column":30}},"21":{"start":{"line":22,"column":0},"end":{"line":22,"column":5}},"22":{"start":{"line":23,"column":0},"end":{"line":23,"column":0}},"23":{"start":{"line":24,"column":0},"end":{"line":24,"column":80}},"24":{"start":{"line":25,"column":0},"end":{"line":25,"column":40}},"25":{"start":{"line":26,"column":0},"end":{"line":26,"column":52}},"26":{"start":{"line":27,"column":0},"end":{"line":27,"column":10}},"27":{"start":{"line":28,"column":0},"end":{"line":28,"column":28}},"28":{"start":{"line":29,"column":0},"end":{"line":29,"column":27}},"29":{"start":{"line":30,"column":0},"end":{"line":30,"column":5}},"30":{"start":{"line":31,"column":0},"end":{"line":31,"column":0}},"31":{"start":{"line":32,"column":0},"end":{"line":32,"column":71}},"32":{"start":{"line":33,"column":0},"end":{"line":33,"column":42}},"33":{"start":{"line":34,"column":0},"end":{"line":34,"column":61}},"34":{"start":{"line":35,"column":0},"end":{"line":35,"column":38}},"35":{"start":{"line":36,"column":0},"end":{"line":36,"column":44}},"36":{"start":{"line":37,"column":0},"end":{"line":37,"column":74}},"37":{"start":{"line":38,"column":0},"end":{"line":38,"column":43}},"38":{"start":{"line":39,"column":0},"end":{"line":39,"column":13}},"39":{"start":{"line":40,"column":0},"end":{"line":40,"column":59}},"40":{"start":{"line":41,"column":0},"end":{"line":41,"column":11}},"41":{"start":{"line":42,"column":0},"end":{"line":42,"column":30}},"42":{"start":{"line":43,"column":0},"end":{"line":43,"column":27}},"43":{"start":{"line":44,"column":0},"end":{"line":44,"column":5}},"44":{"start":{"line":45,"column":0},"end":{"line":45,"column":0}},"45":{"start":{"line":46,"column":0},"end":{"line":46,"column":88}},"46":{"start":{"line":47,"column":0},"end":{"line":47,"column":40}},"47":{"start":{"line":48,"column":0},"end":{"line":48,"column":34}},"48":{"start":{"line":49,"column":0},"end":{"line":49,"column":10}},"49":{"start":{"line":50,"column":0},"end":{"line":50,"column":29}},"50":{"start":{"line":51,"column":0},"end":{"line":51,"column":27}},"51":{"start":{"line":52,"column":0},"end":{"line":52,"column":5}},"52":{"start":{"line":53,"column":0},"end":{"line":53,"column":0}},"53":{"start":{"line":54,"column":0},"end":{"line":54,"column":96}},"54":{"start":{"line":55,"column":0},"end":{"line":55,"column":40}},"55":{"start":{"line":56,"column":0},"end":{"line":56,"column":38}},"56":{"start":{"line":57,"column":0},"end":{"line":57,"column":47}},"57":{"start":{"line":58,"column":0},"end":{"line":58,"column":63}},"58":{"start":{"line":59,"column":0},"end":{"line":59,"column":60}},"59":{"start":{"line":60,"column":0},"end":{"line":60,"column":14}},"60":{"start":{"line":61,"column":0},"end":{"line":61,"column":10}},"61":{"start":{"line":62,"column":0},"end":{"line":62,"column":27}},"62":{"start":{"line":63,"column":0},"end":{"line":63,"column":27}},"63":{"start":{"line":64,"column":0},"end":{"line":64,"column":5}},"64":{"start":{"line":65,"column":0},"end":{"line":65,"column":0}},"65":{"start":{"line":66,"column":0},"end":{"line":66,"column":20}},"66":{"start":{"line":67,"column":0},"end":{"line":67,"column":36}},"67":{"start":{"line":68,"column":0},"end":{"line":68,"column":40}},"68":{"start":{"line":69,"column":0},"end":{"line":69,"column":34}},"69":{"start":{"line":70,"column":0},"end":{"line":70,"column":9}},"70":{"start":{"line":71,"column":0},"end":{"line":71,"column":22}},"71":{"start":{"line":72,"column":0},"end":{"line":72,"column":5}},"72":{"start":{"line":73,"column":0},"end":{"line":73,"column":1}},"73":{"start":{"line":74,"column":0},"end":{"line":74,"column":0}},"74":{"start":{"line":75,"column":0},"end":{"line":75,"column":54}},"75":{"start":{"line":76,"column":0},"end":{"line":76,"column":48}},"76":{"start":{"line":77,"column":0},"end":{"line":77,"column":1}},"77":{"start":{"line":78,"column":0},"end":{"line":78,"column":0}},"78":{"start":{"line":79,"column":0},"end":{"line":79,"column":17}},"79":{"start":{"line":80,"column":0},"end":{"line":80,"column":36}}},"s":{"0":1,"1":1,"2":1,"3":1,"4":1,"5":1,"6":1,"7":1,"8":1,"9":1,"10":1,"11":1,"12":1,"13":1,"14":1,"15":1,"16":1,"17":1,"18":1,"19":1,"20":8,"21":8,"22":1,"23":1,"24":4,"25":4,"26":4,"27":4,"28":4,"29":4,"30":1,"31":1,"32":3,"33":3,"34":3,"35":14,"36":14,"37":14,"38":14,"39":3,"40":3,"41":3,"42":3,"43":3,"44":1,"45":1,"46":2,"47":2,"48":2,"49":2,"50":2,"51":2,"52":1,"53":1,"54":3,"55":3,"56":16,"57":16,"58":16,"59":3,"60":3,"61":3,"62":3,"63":3,"64":1,"65":1,"66":8,"67":8,"68":12,"69":12,"70":8,"71":8,"72":1,"73":1,"74":8,"75":8,"76":8,"77":1,"78":1,"79":1},"branchMap":{"0":{"type":"branch","line":20,"loc":{"start":{"line":20,"column":4},"end":{"line":22,"column":5}},"locations":[{"start":{"line":20,"column":4},"end":{"line":22,"column":5}}]},"1":{"type":"branch","line":24,"loc":{"start":{"line":24,"column":4},"end":{"line":30,"column":5}},"locations":[{"start":{"line":24,"column":4},"end":{"line":30,"column":5}}]},"2":{"type":"branch","line":25,"loc":{"start":{"line":25,"column":24},"end":{"line":26,"column":52}},"locations":[{"start":{"line":25,"column":24},"end":{"line":26,"column":52}}]},"3":{"type":"branch","line":26,"loc":{"start":{"line":26,"column":24},"end":{"line":26,"column":51}},"locations":[{"start":{"line":26,"column":24},"end":{"line":26,"column":51}}]},"4":{"type":"branch","line":32,"loc":{"start":{"line":32,"column":4},"end":{"line":44,"column":5}},"locations":[{"start":{"line":32,"column":4},"end":{"line":44,"column":5}}]},"5":{"type":"branch","line":33,"loc":{"start":{"line":33,"column":24},"end":{"line":41,"column":9}},"locations":[{"start":{"line":33,"column":24},"end":{"line":41,"column":9}}]},"6":{"type":"branch","line":35,"loc":{"start":{"line":35,"column":37},"end":{"line":39,"column":13}},"locations":[{"start":{"line":35,"column":37},"end":{"line":39,"column":13}}]},"7":{"type":"branch","line":37,"loc":{"start":{"line":37,"column":32},"end":{"line":37,"column":74}},"locations":[{"start":{"line":37,"column":32},"end":{"line":37,"column":74}}]},"8":{"type":"branch","line":40,"loc":{"start":{"line":40,"column":43},"end":{"line":40,"column":57}},"locations":[{"start":{"line":40,"column":43},"end":{"line":40,"column":57}}]},"9":{"type":"branch","line":46,"loc":{"start":{"line":46,"column":4},"end":{"line":52,"column":5}},"locations":[{"start":{"line":46,"column":4},"end":{"line":52,"column":5}}]},"10":{"type":"branch","line":47,"loc":{"start":{"line":47,"column":24},"end":{"line":48,"column":34}},"locations":[{"start":{"line":47,"column":24},"end":{"line":48,"column":34}}]},"11":{"type":"branch","line":54,"loc":{"start":{"line":54,"column":4},"end":{"line":64,"column":5}},"locations":[{"start":{"line":54,"column":4},"end":{"line":64,"column":5}}]},"12":{"type":"branch","line":55,"loc":{"start":{"line":55,"column":24},"end":{"line":60,"column":14}},"locations":[{"start":{"line":55,"column":24},"end":{"line":60,"column":14}}]},"13":{"type":"branch","line":56,"loc":{"start":{"line":56,"column":27},"end":{"line":60,"column":13}},"locations":[{"start":{"line":56,"column":27},"end":{"line":60,"column":13}}]},"14":{"type":"branch","line":58,"loc":{"start":{"line":58,"column":37},"end":{"line":58,"column":47}},"locations":[{"start":{"line":58,"column":37},"end":{"line":58,"column":47}}]},"15":{"type":"branch","line":58,"loc":{"start":{"line":58,"column":42},"end":{"line":58,"column":63}},"locations":[{"start":{"line":58,"column":42},"end":{"line":58,"column":63}}]},"16":{"type":"branch","line":58,"loc":{"start":{"line":58,"column":52},"end":{"line":58,"column":61}},"locations":[{"start":{"line":58,"column":52},"end":{"line":58,"column":61}}]},"17":{"type":"branch","line":58,"loc":{"start":{"line":58,"column":57},"end":{"line":58,"column":63}},"locations":[{"start":{"line":58,"column":57},"end":{"line":58,"column":63}}]},"18":{"type":"branch","line":59,"loc":{"start":{"line":59,"column":33},"end":{"line":59,"column":51}},"locations":[{"start":{"line":59,"column":33},"end":{"line":59,"column":51}}]},"19":{"type":"branch","line":59,"loc":{"start":{"line":59,"column":41},"end":{"line":59,"column":60}},"locations":[{"start":{"line":59,"column":41},"end":{"line":59,"column":60}}]},"20":{"type":"branch","line":66,"loc":{"start":{"line":66,"column":4},"end":{"line":72,"column":5}},"locations":[{"start":{"line":66,"column":4},"end":{"line":72,"column":5}}]},"21":{"type":"branch","line":68,"loc":{"start":{"line":68,"column":39},"end":{"line":70,"column":9}},"locations":[{"start":{"line":68,"column":39},"end":{"line":70,"column":9}}]},"22":{"type":"branch","line":75,"loc":{"start":{"line":75,"column":0},"end":{"line":77,"column":1}},"locations":[{"start":{"line":75,"column":0},"end":{"line":77,"column":1}}]}},"b":{"0":[8],"1":[4],"2":[4],"3":[18],"4":[3],"5":[3],"6":[14],"7":[6],"8":[6],"9":[2],"10":[2],"11":[3],"12":[3],"13":[16],"14":[7],"15":[9],"16":[7],"17":[2],"18":[8],"19":[8],"20":[8],"21":[12],"22":[8]},"fnMap":{"0":{"name":"QueryBuilderImpl","decl":{"start":{"line":20,"column":4},"end":{"line":22,"column":5}},"loc":{"start":{"line":20,"column":4},"end":{"line":22,"column":5}},"line":20},"1":{"name":"where","decl":{"start":{"line":24,"column":4},"end":{"line":30,"column":5}},"loc":{"start":{"line":24,"column":4},"end":{"line":30,"column":5}},"line":24},"2":{"name":"groupBy","decl":{"start":{"line":32,"column":4},"end":{"line":44,"column":5}},"loc":{"start":{"line":32,"column":4},"end":{"line":44,"column":5}},"line":32},"3":{"name":"having","decl":{"start":{"line":46,"column":4},"end":{"line":52,"column":5}},"loc":{"start":{"line":46,"column":4},"end":{"line":52,"column":5}},"line":46},"4":{"name":"sort","decl":{"start":{"line":54,"column":4},"end":{"line":64,"column":5}},"loc":{"start":{"line":54,"column":4},"end":{"line":64,"column":5}},"line":54},"5":{"name":"execute","decl":{"start":{"line":66,"column":4},"end":{"line":72,"column":5}},"loc":{"start":{"line":66,"column":4},"end":{"line":72,"column":5}},"line":66},"6":{"name":"query","decl":{"start":{"line":75,"column":0},"end":{"line":77,"column":1}},"loc":{"start":{"line":75,"column":0},"end":{"line":77,"column":1}},"line":75}},"f":{"0":8,"1":4,"2":3,"3":2,"4":3,"5":8,"6":8}}
}
