{"/Users/mihailkostrica/Desktop/visual-programming-dz/lab4type/src/lab4.ts": {"path":"/Users/mihailkostrica/Desktop/visual-programming-dz/lab4type/src/lab4.ts","all":false,"statementMap":{"0":{"start":{"line":1,"column":0},"end":{"line":1,"column":39}},"1":{"start":{"line":2,"column":0},"end":{"line":2,"column":0}},"2":{"start":{"line":3,"column":0},"end":{"line":3,"column":73}},"3":{"start":{"line":4,"column":0},"end":{"line":4,"column":0}},"4":{"start":{"line":5,"column":0},"end":{"line":5,"column":0}},"5":{"start":{"line":6,"column":0},"end":{"line":6,"column":59}},"6":{"start":{"line":7,"column":0},"end":{"line":7,"column":0}},"7":{"start":{"line":8,"column":0},"end":{"line":8,"column":42}},"8":{"start":{"line":9,"column":0},"end":{"line":9,"column":0}},"9":{"start":{"line":10,"column":0},"end":{"line":10,"column":75}},"10":{"start":{"line":11,"column":0},"end":{"line":11,"column":0}},"11":{"start":{"line":12,"column":0},"end":{"line":12,"column":37}},"12":{"start":{"line":13,"column":0},"end":{"line":13,"column":47}},"13":{"start":{"line":14,"column":0},"end":{"line":14,"column":31}},"14":{"start":{"line":15,"column":0},"end":{"line":15,"column":0}},"15":{"start":{"line":16,"column":0},"end":{"line":16,"column":0}},"16":{"start":{"line":17,"column":0},"end":{"line":17,"column":63}},"17":{"start":{"line":18,"column":0},"end":{"line":18,"column":25}},"18":{"start":{"line":19,"column":0},"end":{"line":19,"column":76}},"19":{"start":{"line":20,"column":0},"end":{"line":20,"column":4}},"20":{"start":{"line":21,"column":0},"end":{"line":21,"column":1}},"21":{"start":{"line":22,"column":0},"end":{"line":22,"column":0}},"22":{"start":{"line":23,"column":0},"end":{"line":23,"column":0}},"23":{"start":{"line":24,"column":0},"end":{"line":24,"column":67}},"24":{"start":{"line":25,"column":0},"end":{"line":25,"column":60}},"25":{"start":{"line":26,"column":0},"end":{"line":26,"column":0}},"26":{"start":{"line":27,"column":0},"end":{"line":27,"column":53}},"27":{"start":{"line":28,"column":0},"end":{"line":28,"column":45}},"28":{"start":{"line":29,"column":0},"end":{"line":29,"column":35}},"29":{"start":{"line":30,"column":0},"end":{"line":30,"column":42}},"30":{"start":{"line":31,"column":0},"end":{"line":31,"column":5}},"31":{"start":{"line":32,"column":0},"end":{"line":32,"column":0}},"32":{"start":{"line":33,"column":0},"end":{"line":33,"column":59}},"33":{"start":{"line":34,"column":0},"end":{"line":34,"column":20}},"34":{"start":{"line":35,"column":0},"end":{"line":35,"column":55}},"35":{"start":{"line":36,"column":0},"end":{"line":36,"column":30}},"36":{"start":{"line":37,"column":0},"end":{"line":37,"column":34}},"37":{"start":{"line":38,"column":0},"end":{"line":38,"column":64}},"38":{"start":{"line":39,"column":0},"end":{"line":39,"column":33}},"39":{"start":{"line":40,"column":0},"end":{"line":40,"column":5}},"40":{"start":{"line":41,"column":0},"end":{"line":41,"column":51}},"41":{"start":{"line":42,"column":0},"end":{"line":42,"column":4}},"42":{"start":{"line":43,"column":0},"end":{"line":43,"column":0}},"43":{"start":{"line":44,"column":0},"end":{"line":44,"column":75}},"44":{"start":{"line":45,"column":0},"end":{"line":45,"column":42}},"45":{"start":{"line":46,"column":0},"end":{"line":46,"column":0}},"46":{"start":{"line":47,"column":0},"end":{"line":47,"column":17}},"47":{"start":{"line":48,"column":0},"end":{"line":48,"column":63}}},"s":{"0":1,"1":1,"2":1,"3":1,"4":1,"5":1,"6":1,"7":1,"8":1,"9":1,"10":1,"11":1,"12":1,"13":1,"14":1,"15":1,"16":4,"17":4,"18":4,"19":4,"20":4,"21":1,"22":1,"23":1,"24":3,"25":1,"26":1,"27":1,"28":3,"29":3,"30":3,"31":1,"32":1,"33":2,"34":2,"35":2,"36":8,"37":8,"38":8,"39":8,"40":2,"41":2,"42":1,"43":1,"44":2,"45":1,"46":1,"47":1},"branchMap":{"0":{"type":"branch","line":17,"loc":{"start":{"line":17,"column":0},"end":{"line":21,"column":1}},"locations":[{"start":{"line":17,"column":0},"end":{"line":21,"column":1}}]},"1":{"type":"branch","line":18,"loc":{"start":{"line":18,"column":9},"end":{"line":20,"column":4}},"locations":[{"start":{"line":18,"column":9},"end":{"line":20,"column":4}}]},"2":{"type":"branch","line":19,"loc":{"start":{"line":19,"column":24},"end":{"line":19,"column":56}},"locations":[{"start":{"line":19,"column":24},"end":{"line":19,"column":56}}]},"3":{"type":"branch","line":24,"loc":{"start":{"line":24,"column":33},"end":{"line":25,"column":60}},"locations":[{"start":{"line":24,"column":33},"end":{"line":25,"column":60}}]},"4":{"type":"branch","line":25,"loc":{"start":{"line":25,"column":2},"end":{"line":25,"column":60}},"locations":[{"start":{"line":25,"column":2},"end":{"line":25,"column":60}}]},"5":{"type":"branch","line":25,"loc":{"start":{"line":25,"column":31},"end":{"line":25,"column":58}},"locations":[{"start":{"line":25,"column":31},"end":{"line":25,"column":58}}]},"6":{"type":"branch","line":27,"loc":{"start":{"line":27,"column":31},"end":{"line":31,"column":5}},"locations":[{"start":{"line":27,"column":31},"end":{"line":31,"column":5}}]},"7":{"type":"branch","line":28,"loc":{"start":{"line":28,"column":2},"end":{"line":31,"column":5}},"locations":[{"start":{"line":28,"column":2},"end":{"line":31,"column":5}}]},"8":{"type":"branch","line":28,"loc":{"start":{"line":28,"column":34},"end":{"line":31,"column":5}},"locations":[{"start":{"line":28,"column":34},"end":{"line":31,"column":5}}]},"9":{"type":"branch","line":30,"loc":{"start":{"line":30,"column":16},"end":{"line":30,"column":26}},"locations":[{"start":{"line":30,"column":16},"end":{"line":30,"column":26}}]},"10":{"type":"branch","line":30,"loc":{"start":{"line":30,"column":21},"end":{"line":30,"column":42}},"locations":[{"start":{"line":30,"column":21},"end":{"line":30,"column":42}}]},"11":{"type":"branch","line":30,"loc":{"start":{"line":30,"column":36},"end":{"line":30,"column":42}},"locations":[{"start":{"line":30,"column":36},"end":{"line":30,"column":42}}]},"12":{"type":"branch","line":33,"loc":{"start":{"line":33,"column":37},"end":{"line":42,"column":4}},"locations":[{"start":{"line":33,"column":37},"end":{"line":42,"column":4}}]},"13":{"type":"branch","line":34,"loc":{"start":{"line":34,"column":2},"end":{"line":42,"column":4}},"locations":[{"start":{"line":34,"column":2},"end":{"line":42,"column":4}}]},"14":{"type":"branch","line":36,"loc":{"start":{"line":36,"column":29},"end":{"line":40,"column":5}},"locations":[{"start":{"line":36,"column":29},"end":{"line":40,"column":5}}]},"15":{"type":"branch","line":38,"loc":{"start":{"line":38,"column":22},"end":{"line":38,"column":64}},"locations":[{"start":{"line":38,"column":22},"end":{"line":38,"column":64}}]},"16":{"type":"branch","line":41,"loc":{"start":{"line":41,"column":35},"end":{"line":41,"column":49}},"locations":[{"start":{"line":41,"column":35},"end":{"line":41,"column":49}}]},"17":{"type":"branch","line":44,"loc":{"start":{"line":44,"column":35},"end":{"line":45,"column":42}},"locations":[{"start":{"line":44,"column":35},"end":{"line":45,"column":42}}]},"18":{"type":"branch","line":45,"loc":{"start":{"line":45,"column":2},"end":{"line":45,"column":42}},"locations":[{"start":{"line":45,"column":2},"end":{"line":45,"column":42}}]}},"b":{"0":[4],"1":[4],"2":[8],"3":[3],"4":[3],"5":[11],"6":[1],"7":[1],"8":[3],"9":[1],"10":[2],"11":[0],"12":[2],"13":[2],"14":[8],"15":[4],"16":[4],"17":[2],"18":[2]},"fnMap":{"0":{"name":"query","decl":{"start":{"line":17,"column":0},"end":{"line":21,"column":1}},"loc":{"start":{"line":17,"column":0},"end":{"line":21,"column":1}},"line":17},"1":{"name":"where","decl":{"start":{"line":24,"column":33},"end":{"line":25,"column":60}},"loc":{"start":{"line":24,"column":33},"end":{"line":25,"column":60}},"line":24},"2":{"name":"sort","decl":{"start":{"line":27,"column":31},"end":{"line":31,"column":5}},"loc":{"start":{"line":27,"column":31},"end":{"line":31,"column":5}},"line":27},"3":{"name":"groupBy","decl":{"start":{"line":33,"column":37},"end":{"line":42,"column":4}},"loc":{"start":{"line":33,"column":37},"end":{"line":42,"column":4}},"line":33},"4":{"name":"having","decl":{"start":{"line":44,"column":35},"end":{"line":45,"column":42}},"loc":{"start":{"line":44,"column":35},"end":{"line":45,"column":42}},"line":44}},"f":{"0":4,"1":3,"2":1,"3":2,"4":2}}
}
