{"/Users/mihailkostrica/Desktop/visual-programming-dz/lab1type/src/main.ts": {"path":"/Users/mihailkostrica/Desktop/visual-programming-dz/lab1type/src/main.ts","statementMap":{"0":{"start":{"line":9,"column":21},"end":{"line":9,"column":null}},"1":{"start":{"line":10,"column":4},"end":{"line":15,"column":null}},"2":{"start":{"line":18,"column":12},"end":{"line":18,"column":null}},"3":{"start":{"line":19,"column":0},"end":{"line":19,"column":null}},"4":{"start":{"line":21,"column":12},"end":{"line":21,"column":null}},"5":{"start":{"line":22,"column":0},"end":{"line":22,"column":null}},"6":{"start":{"line":34,"column":4},"end":{"line":34,"column":null}},"7":{"start":{"line":37,"column":12},"end":{"line":42,"column":null}},"8":{"start":{"line":44,"column":12},"end":{"line":48,"column":null}},"9":{"start":{"line":49,"column":0},"end":{"line":49,"column":null}},"10":{"start":{"line":50,"column":0},"end":{"line":50,"column":null}},"11":{"start":{"line":51,"column":0},"end":{"line":51,"column":null}},"12":{"start":{"line":58,"column":4},"end":{"line":62,"column":null}},"13":{"start":{"line":59,"column":8},"end":{"line":59,"column":null}},"14":{"start":{"line":61,"column":8},"end":{"line":61,"column":null}},"15":{"start":{"line":64,"column":0},"end":{"line":64,"column":null}},"16":{"start":{"line":65,"column":0},"end":{"line":65,"column":null}},"17":{"start":{"line":66,"column":0},"end":{"line":66,"column":null}},"18":{"start":{"line":70,"column":4},"end":{"line":76,"column":null}},"19":{"start":{"line":71,"column":8},"end":{"line":71,"column":null}},"20":{"start":{"line":72,"column":4},"end":{"line":76,"column":null}},"21":{"start":{"line":73,"column":8},"end":{"line":73,"column":null}},"22":{"start":{"line":75,"column":8},"end":{"line":75,"column":null}},"23":{"start":{"line":78,"column":0},"end":{"line":78,"column":null}},"24":{"start":{"line":79,"column":0},"end":{"line":79,"column":null}},"25":{"start":{"line":80,"column":0},"end":{"line":80,"column":null}},"26":{"start":{"line":81,"column":0},"end":{"line":81,"column":null}},"27":{"start":{"line":86,"column":30},"end":{"line":88,"column":null}},"28":{"start":{"line":87,"column":4},"end":{"line":87,"column":null}},"29":{"start":{"line":90,"column":29},"end":{"line":98,"column":null}},"30":{"start":{"line":91,"column":15},"end":{"line":91,"column":null}},"31":{"start":{"line":93,"column":4},"end":{"line":97,"column":null}},"32":{"start":{"line":94,"column":8},"end":{"line":94,"column":null}},"33":{"start":{"line":96,"column":8},"end":{"line":96,"column":null}},"34":{"start":{"line":99,"column":0},"end":{"line":99,"column":null}},"35":{"start":{"line":101,"column":0},"end":{"line":101,"column":null}},"36":{"start":{"line":102,"column":0},"end":{"line":102,"column":null}},"37":{"start":{"line":103,"column":0},"end":{"line":103,"column":null}},"38":{"start":{"line":106,"column":4},"end":{"line":108,"column":null}},"39":{"start":{"line":107,"column":8},"end":{"line":107,"column":null}},"40":{"start":{"line":109,"column":4},"end":{"line":109,"column":null}},"41":{"start":{"line":112,"column":14},"end":{"line":112,"column":null}},"42":{"start":{"line":113,"column":14},"end":{"line":113,"column":null}},"43":{"start":{"line":114,"column":12},"end":{"line":114,"column":null}},"44":{"start":{"line":116,"column":0},"end":{"line":116,"column":null}},"45":{"start":{"line":118,"column":0},"end":{"line":118,"column":null}},"46":{"start":{"line":119,"column":0},"end":{"line":119,"column":null}},"47":{"start":{"line":120,"column":0},"end":{"line":120,"column":null}},"48":{"start":{"line":128,"column":4},"end":{"line":132,"column":null}},"49":{"start":{"line":128,"column":16},"end":{"line":128,"column":19}},"50":{"start":{"line":129,"column":8},"end":{"line":131,"column":null}},"51":{"start":{"line":130,"column":12},"end":{"line":130,"column":null}},"52":{"start":{"line":133,"column":4},"end":{"line":133,"column":null}},"53":{"start":{"line":136,"column":13},"end":{"line":140,"column":null}},"54":{"start":{"line":141,"column":0},"end":{"line":141,"column":null}},"55":{"start":{"line":143,"column":0},"end":{"line":143,"column":null}},"56":{"start":{"line":144,"column":0},"end":{"line":144,"column":null}}},"fnMap":{"0":{"name":"createUser","decl":{"start":{"line":8,"column":16},"end":{"line":8,"column":27}},"loc":{"start":{"line":8,"column":92},"end":{"line":16,"column":null}},"line":8},"1":{"name":"createBook","decl":{"start":{"line":33,"column":16},"end":{"line":33,"column":27}},"loc":{"start":{"line":33,"column":44},"end":{"line":35,"column":null}},"line":33},"2":{"name":"Ploshad","decl":{"start":{"line":57,"column":16},"end":{"line":57,"column":24}},"loc":{"start":{"line":57,"column":58},"end":{"line":63,"column":null}},"line":57},"3":{"name":"Color","decl":{"start":{"line":69,"column":16},"end":{"line":69,"column":22}},"loc":{"start":{"line":69,"column":45},"end":{"line":77,"column":null}},"line":69},"4":{"name":"(anonymous_4)","decl":{"start":{"line":86,"column":30},"end":{"line":86,"column":39}},"loc":{"start":{"line":86,"column":59},"end":{"line":88,"column":null}},"line":86},"5":{"name":"(anonymous_5)","decl":{"start":{"line":90,"column":29},"end":{"line":90,"column":38}},"loc":{"start":{"line":90,"column":79},"end":{"line":98,"column":null}},"line":90},"6":{"name":"FirstEl","decl":{"start":{"line":105,"column":16},"end":{"line":105,"column":24}},"loc":{"start":{"line":105,"column":40},"end":{"line":110,"column":null}},"line":105},"7":{"name":"findId","decl":{"start":{"line":127,"column":16},"end":{"line":127,"column":23}},"loc":{"start":{"line":127,"column":71},"end":{"line":134,"column":null}},"line":127}},"branchMap":{"0":{"loc":{"start":{"line":58,"column":4},"end":{"line":62,"column":null}},"type":"if","locations":[{"start":{"line":58,"column":4},"end":{"line":62,"column":null}},{"start":{"line":60,"column":9},"end":{"line":62,"column":null}}],"line":58},"1":{"loc":{"start":{"line":70,"column":4},"end":{"line":76,"column":null}},"type":"if","locations":[{"start":{"line":70,"column":4},"end":{"line":76,"column":null}},{"start":{"line":72,"column":4},"end":{"line":76,"column":null}}],"line":70},"2":{"loc":{"start":{"line":72,"column":4},"end":{"line":76,"column":null}},"type":"if","locations":[{"start":{"line":72,"column":4},"end":{"line":76,"column":null}},{"start":{"line":74,"column":9},"end":{"line":76,"column":null}}],"line":72},"3":{"loc":{"start":{"line":93,"column":4},"end":{"line":97,"column":null}},"type":"if","locations":[{"start":{"line":93,"column":4},"end":{"line":97,"column":null}},{"start":{"line":95,"column":9},"end":{"line":97,"column":null}}],"line":93},"4":{"loc":{"start":{"line":106,"column":4},"end":{"line":108,"column":null}},"type":"if","locations":[{"start":{"line":106,"column":4},"end":{"line":108,"column":null}},{"start":{},"end":{}}],"line":106},"5":{"loc":{"start":{"line":106,"column":7},"end":{"line":106,"column":29}},"type":"binary-expr","locations":[{"start":{"line":106,"column":7},"end":{"line":106,"column":14}},{"start":{"line":106,"column":14},"end":{"line":106,"column":29}}],"line":106},"6":{"loc":{"start":{"line":129,"column":8},"end":{"line":131,"column":null}},"type":"if","locations":[{"start":{"line":129,"column":8},"end":{"line":131,"column":null}},{"start":{},"end":{}}],"line":129}},"s":{"0":3,"1":3,"2":1,"3":1,"4":1,"5":1,"6":3,"7":1,"8":1,"9":1,"10":1,"11":1,"12":3,"13":2,"14":1,"15":1,"16":1,"17":1,"18":4,"19":2,"20":2,"21":1,"22":1,"23":1,"24":1,"25":1,"26":1,"27":1,"28":1,"29":1,"30":2,"31":2,"32":1,"33":1,"34":1,"35":1,"36":1,"37":1,"38":4,"39":3,"40":1,"41":1,"42":1,"43":1,"44":1,"45":1,"46":1,"47":1,"48":3,"49":3,"50":8,"51":1,"52":2,"53":1,"54":1,"55":1,"56":1},"f":{"0":3,"1":3,"2":3,"3":4,"4":1,"5":2,"6":4,"7":3},"b":{"0":[2,1],"1":[2,2],"2":[1,1],"3":[1,1],"4":[3,1],"5":[4,4],"6":[1,7]},"meta":{"lastBranch":7,"lastFunction":8,"lastStatement":57,"seen":{"f:8:16:8:27":0,"s:9:21:9:Infinity":0,"s:10:4:15:Infinity":1,"s:18:12:18:Infinity":2,"s:19:0:19:Infinity":3,"s:21:12:21:Infinity":4,"s:22:0:22:Infinity":5,"f:33:16:33:27":1,"s:34:4:34:Infinity":6,"s:37:12:42:Infinity":7,"s:44:12:48:Infinity":8,"s:49:0:49:Infinity":9,"s:50:0:50:Infinity":10,"s:51:0:51:Infinity":11,"f:57:16:57:24":2,"b:58:4:62:Infinity:60:9:62:Infinity":0,"s:58:4:62:Infinity":12,"s:59:8:59:Infinity":13,"s:61:8:61:Infinity":14,"s:64:0:64:Infinity":15,"s:65:0:65:Infinity":16,"s:66:0:66:Infinity":17,"f:69:16:69:22":3,"b:70:4:76:Infinity:72:4:76:Infinity":1,"s:70:4:76:Infinity":18,"s:71:8:71:Infinity":19,"b:72:4:76:Infinity:74:9:76:Infinity":2,"s:72:4:76:Infinity":20,"s:73:8:73:Infinity":21,"s:75:8:75:Infinity":22,"s:78:0:78:Infinity":23,"s:79:0:79:Infinity":24,"s:80:0:80:Infinity":25,"s:81:0:81:Infinity":26,"s:86:30:88:Infinity":27,"f:86:30:86:39":4,"s:87:4:87:Infinity":28,"s:90:29:98:Infinity":29,"f:90:29:90:38":5,"s:91:15:91:Infinity":30,"b:93:4:97:Infinity:95:9:97:Infinity":3,"s:93:4:97:Infinity":31,"s:94:8:94:Infinity":32,"s:96:8:96:Infinity":33,"s:99:0:99:Infinity":34,"s:101:0:101:Infinity":35,"s:102:0:102:Infinity":36,"s:103:0:103:Infinity":37,"f:105:16:105:24":6,"b:106:4:108:Infinity:undefined:undefined:undefined:undefined":4,"s:106:4:108:Infinity":38,"b:106:7:106:14:106:14:106:29":5,"s:107:8:107:Infinity":39,"s:109:4:109:Infinity":40,"s:112:14:112:Infinity":41,"s:113:14:113:Infinity":42,"s:114:12:114:Infinity":43,"s:116:0:116:Infinity":44,"s:118:0:118:Infinity":45,"s:119:0:119:Infinity":46,"s:120:0:120:Infinity":47,"f:127:16:127:23":7,"s:128:4:132:Infinity":48,"s:128:16:128:19":49,"b:129:8:131:Infinity:undefined:undefined:undefined:undefined":6,"s:129:8:131:Infinity":50,"s:130:12:130:Infinity":51,"s:133:4:133:Infinity":52,"s:136:13:140:Infinity":53,"s:141:0:141:Infinity":54,"s:143:0:143:Infinity":55,"s:144:0:144:Infinity":56}}}
}
