{"/Users/mihailkostrica/Desktop/visual-programming-dz/main.ts": {"path":"/Users/mihailkostrica/Desktop/visual-programming-dz/main.ts","all":false,"statementMap":{"0":{"start":{"line":1,"column":0},"end":{"line":1,"column":22}},"1":{"start":{"line":2,"column":0},"end":{"line":2,"column":15}},"2":{"start":{"line":3,"column":0},"end":{"line":3,"column":17}},"3":{"start":{"line":4,"column":0},"end":{"line":4,"column":19}},"4":{"start":{"line":5,"column":0},"end":{"line":5,"column":22}},"5":{"start":{"line":6,"column":0},"end":{"line":6,"column":1}},"6":{"start":{"line":7,"column":0},"end":{"line":7,"column":0}},"7":{"start":{"line":8,"column":0},"end":{"line":8,"column":93}},"8":{"start":{"line":9,"column":0},"end":{"line":9,"column":30}},"9":{"start":{"line":10,"column":0},"end":{"line":10,"column":11}},"10":{"start":{"line":11,"column":0},"end":{"line":11,"column":15}},"11":{"start":{"line":12,"column":0},"end":{"line":12,"column":19}},"12":{"start":{"line":13,"column":0},"end":{"line":13,"column":22}},"13":{"start":{"line":14,"column":0},"end":{"line":14,"column":27}},"14":{"start":{"line":15,"column":0},"end":{"line":15,"column":6}},"15":{"start":{"line":16,"column":0},"end":{"line":16,"column":1}},"16":{"start":{"line":17,"column":0},"end":{"line":17,"column":0}},"17":{"start":{"line":18,"column":0},"end":{"line":18,"column":66}},"18":{"start":{"line":19,"column":0},"end":{"line":19,"column":30}},"19":{"start":{"line":20,"column":0},"end":{"line":20,"column":0}},"20":{"start":{"line":21,"column":0},"end":{"line":21,"column":69}},"21":{"start":{"line":22,"column":0},"end":{"line":22,"column":31}},"22":{"start":{"line":23,"column":0},"end":{"line":23,"column":0}},"23":{"start":{"line":24,"column":0},"end":{"line":24,"column":46}},"24":{"start":{"line":25,"column":0},"end":{"line":25,"column":0}},"25":{"start":{"line":26,"column":0},"end":{"line":26,"column":22}},"26":{"start":{"line":27,"column":0},"end":{"line":27,"column":18}},"27":{"start":{"line":28,"column":0},"end":{"line":28,"column":20}},"28":{"start":{"line":29,"column":0},"end":{"line":29,"column":18}},"29":{"start":{"line":30,"column":0},"end":{"line":30,"column":17}},"30":{"start":{"line":31,"column":0},"end":{"line":31,"column":1}},"31":{"start":{"line":32,"column":0},"end":{"line":32,"column":0}},"32":{"start":{"line":33,"column":0},"end":{"line":33,"column":45}},"33":{"start":{"line":34,"column":0},"end":{"line":34,"column":15}},"34":{"start":{"line":35,"column":0},"end":{"line":35,"column":1}},"35":{"start":{"line":36,"column":0},"end":{"line":36,"column":0}},"36":{"start":{"line":37,"column":0},"end":{"line":37,"column":24}},"37":{"start":{"line":38,"column":0},"end":{"line":38,"column":20}},"38":{"start":{"line":39,"column":0},"end":{"line":39,"column":29}},"39":{"start":{"line":40,"column":0},"end":{"line":40,"column":21}},"40":{"start":{"line":41,"column":0},"end":{"line":41,"column":14}},"41":{"start":{"line":42,"column":0},"end":{"line":42,"column":3}},"42":{"start":{"line":43,"column":0},"end":{"line":43,"column":0}},"43":{"start":{"line":44,"column":0},"end":{"line":44,"column":24}},"44":{"start":{"line":45,"column":0},"end":{"line":45,"column":38}},"45":{"start":{"line":46,"column":0},"end":{"line":46,"column":32}},"46":{"start":{"line":47,"column":0},"end":{"line":47,"column":25}},"47":{"start":{"line":48,"column":0},"end":{"line":48,"column":3}},"48":{"start":{"line":49,"column":0},"end":{"line":49,"column":16}},"49":{"start":{"line":50,"column":0},"end":{"line":50,"column":36}},"50":{"start":{"line":51,"column":0},"end":{"line":51,"column":39}},"51":{"start":{"line":52,"column":0},"end":{"line":52,"column":0}},"52":{"start":{"line":53,"column":0},"end":{"line":53,"column":0}},"53":{"start":{"line":54,"column":0},"end":{"line":54,"column":0}},"54":{"start":{"line":55,"column":0},"end":{"line":55,"column":65}},"55":{"start":{"line":56,"column":0},"end":{"line":56,"column":63}},"56":{"start":{"line":57,"column":0},"end":{"line":57,"column":59}},"57":{"start":{"line":58,"column":0},"end":{"line":58,"column":26}},"58":{"start":{"line":59,"column":0},"end":{"line":59,"column":39}},"59":{"start":{"line":60,"column":0},"end":{"line":60,"column":10}},"60":{"start":{"line":61,"column":0},"end":{"line":61,"column":29}},"61":{"start":{"line":62,"column":0},"end":{"line":62,"column":5}},"62":{"start":{"line":63,"column":0},"end":{"line":63,"column":1}},"63":{"start":{"line":64,"column":0},"end":{"line":64,"column":16}},"64":{"start":{"line":65,"column":0},"end":{"line":65,"column":46}},"65":{"start":{"line":66,"column":0},"end":{"line":66,"column":46}},"66":{"start":{"line":67,"column":0},"end":{"line":67,"column":51}},"67":{"start":{"line":68,"column":0},"end":{"line":68,"column":0}},"68":{"start":{"line":69,"column":0},"end":{"line":69,"column":46}},"69":{"start":{"line":70,"column":0},"end":{"line":70,"column":27}},"70":{"start":{"line":71,"column":0},"end":{"line":71,"column":23}},"71":{"start":{"line":72,"column":0},"end":{"line":72,"column":35}},"72":{"start":{"line":73,"column":0},"end":{"line":73,"column":21}},"73":{"start":{"line":74,"column":0},"end":{"line":74,"column":10}},"74":{"start":{"line":75,"column":0},"end":{"line":75,"column":24}},"75":{"start":{"line":76,"column":0},"end":{"line":76,"column":5}},"76":{"start":{"line":77,"column":0},"end":{"line":77,"column":1}},"77":{"start":{"line":78,"column":0},"end":{"line":78,"column":16}},"78":{"start":{"line":79,"column":0},"end":{"line":79,"column":41}},"79":{"start":{"line":80,"column":0},"end":{"line":80,"column":43}},"80":{"start":{"line":81,"column":0},"end":{"line":81,"column":38}},"81":{"start":{"line":82,"column":0},"end":{"line":82,"column":0}},"82":{"start":{"line":83,"column":0},"end":{"line":83,"column":0}},"83":{"start":{"line":84,"column":0},"end":{"line":84,"column":61}},"84":{"start":{"line":85,"column":0},"end":{"line":85,"column":0}},"85":{"start":{"line":86,"column":0},"end":{"line":86,"column":60}},"86":{"start":{"line":87,"column":0},"end":{"line":87,"column":54}},"87":{"start":{"line":88,"column":0},"end":{"line":88,"column":1}},"88":{"start":{"line":89,"column":0},"end":{"line":89,"column":0}},"89":{"start":{"line":90,"column":0},"end":{"line":90,"column":80}},"90":{"start":{"line":91,"column":0},"end":{"line":91,"column":26}},"91":{"start":{"line":92,"column":0},"end":{"line":92,"column":0}},"92":{"start":{"line":93,"column":0},"end":{"line":93,"column":26}},"93":{"start":{"line":94,"column":0},"end":{"line":94,"column":34}},"94":{"start":{"line":95,"column":0},"end":{"line":95,"column":10}},"95":{"start":{"line":96,"column":0},"end":{"line":96,"column":20}},"96":{"start":{"line":97,"column":0},"end":{"line":97,"column":5}},"97":{"start":{"line":98,"column":0},"end":{"line":98,"column":2}},"98":{"start":{"line":99,"column":0},"end":{"line":99,"column":16}},"99":{"start":{"line":100,"column":0},"end":{"line":100,"column":0}},"100":{"start":{"line":101,"column":0},"end":{"line":101,"column":48}},"101":{"start":{"line":102,"column":0},"end":{"line":102,"column":60}},"102":{"start":{"line":103,"column":0},"end":{"line":103,"column":59}},"103":{"start":{"line":104,"column":0},"end":{"line":104,"column":0}},"104":{"start":{"line":105,"column":0},"end":{"line":105,"column":41}},"105":{"start":{"line":106,"column":0},"end":{"line":106,"column":30}},"106":{"start":{"line":107,"column":0},"end":{"line":107,"column":22}},"107":{"start":{"line":108,"column":0},"end":{"line":108,"column":5}},"108":{"start":{"line":109,"column":0},"end":{"line":109,"column":21}},"109":{"start":{"line":110,"column":0},"end":{"line":110,"column":1}},"110":{"start":{"line":111,"column":0},"end":{"line":111,"column":0}},"111":{"start":{"line":112,"column":0},"end":{"line":112,"column":28}},"112":{"start":{"line":113,"column":0},"end":{"line":113,"column":25}},"113":{"start":{"line":114,"column":0},"end":{"line":114,"column":15}},"114":{"start":{"line":115,"column":0},"end":{"line":115,"column":0}},"115":{"start":{"line":116,"column":0},"end":{"line":116,"column":16}},"116":{"start":{"line":117,"column":0},"end":{"line":117,"column":0}},"117":{"start":{"line":118,"column":0},"end":{"line":118,"column":42}},"118":{"start":{"line":119,"column":0},"end":{"line":119,"column":42}},"119":{"start":{"line":120,"column":0},"end":{"line":120,"column":40}},"120":{"start":{"line":121,"column":0},"end":{"line":121,"column":0}},"121":{"start":{"line":122,"column":0},"end":{"line":122,"column":0}},"122":{"start":{"line":123,"column":0},"end":{"line":123,"column":24}},"123":{"start":{"line":124,"column":0},"end":{"line":124,"column":16}},"124":{"start":{"line":125,"column":0},"end":{"line":125,"column":1}},"125":{"start":{"line":126,"column":0},"end":{"line":126,"column":0}},"126":{"start":{"line":127,"column":0},"end":{"line":127,"column":72}},"127":{"start":{"line":128,"column":0},"end":{"line":128,"column":42}},"128":{"start":{"line":129,"column":0},"end":{"line":129,"column":30}},"129":{"start":{"line":130,"column":0},"end":{"line":130,"column":28}},"130":{"start":{"line":131,"column":0},"end":{"line":131,"column":9}},"131":{"start":{"line":132,"column":0},"end":{"line":132,"column":5}},"132":{"start":{"line":133,"column":0},"end":{"line":133,"column":21}},"133":{"start":{"line":134,"column":0},"end":{"line":134,"column":1}},"134":{"start":{"line":135,"column":0},"end":{"line":135,"column":0}},"135":{"start":{"line":136,"column":0},"end":{"line":136,"column":14}},"136":{"start":{"line":137,"column":0},"end":{"line":137,"column":29}},"137":{"start":{"line":138,"column":0},"end":{"line":138,"column":28}},"138":{"start":{"line":139,"column":0},"end":{"line":139,"column":27}},"139":{"start":{"line":140,"column":0},"end":{"line":140,"column":2}},"140":{"start":{"line":141,"column":0},"end":{"line":141,"column":16}},"141":{"start":{"line":142,"column":0},"end":{"line":142,"column":0}},"142":{"start":{"line":143,"column":0},"end":{"line":143,"column":43}},"143":{"start":{"line":144,"column":0},"end":{"line":144,"column":44}}},"s":{"0":1,"1":1,"2":1,"3":1,"4":1,"5":1,"6":1,"7":1,"8":3,"9":3,"10":3,"11":3,"12":3,"13":3,"14":3,"15":3,"16":1,"17":1,"18":1,"19":1,"20":1,"21":1,"22":1,"23":1,"24":1,"25":1,"26":1,"27":1,"28":1,"29":1,"30":1,"31":1,"32":1,"33":3,"34":3,"35":1,"36":1,"37":1,"38":1,"39":1,"40":1,"41":1,"42":1,"43":1,"44":1,"45":1,"46":1,"47":1,"48":1,"49":1,"50":1,"51":1,"52":1,"53":1,"54":1,"55":1,"56":1,"57":3,"58":2,"59":3,"60":1,"61":1,"62":3,"63":1,"64":1,"65":1,"66":1,"67":1,"68":1,"69":4,"70":2,"71":2,"72":1,"73":1,"74":1,"75":1,"76":4,"77":1,"78":1,"79":1,"80":1,"81":1,"82":1,"83":1,"84":1,"85":1,"86":1,"87":1,"88":1,"89":1,"90":2,"91":2,"92":2,"93":1,"94":1,"95":1,"96":1,"97":2,"98":1,"99":1,"100":1,"101":1,"102":1,"103":1,"104":1,"105":4,"106":3,"107":3,"108":1,"109":1,"110":1,"111":1,"112":1,"113":1,"114":1,"115":1,"116":1,"117":1,"118":1,"119":1,"120":1,"121":1,"122":1,"123":1,"124":1,"125":1,"126":1,"127":3,"128":8,"129":1,"130":1,"131":8,"132":2,"133":2,"134":1,"135":1,"136":1,"137":1,"138":1,"139":1,"140":1,"141":1,"142":1,"143":1},"branchMap":{"0":{"type":"branch","line":8,"loc":{"start":{"line":8,"column":7},"end":{"line":16,"column":1}},"locations":[{"start":{"line":8,"column":7},"end":{"line":16,"column":1}}]},"1":{"type":"branch","line":33,"loc":{"start":{"line":33,"column":7},"end":{"line":35,"column":1}},"locations":[{"start":{"line":33,"column":7},"end":{"line":35,"column":1}}]},"2":{"type":"branch","line":57,"loc":{"start":{"line":57,"column":7},"end":{"line":63,"column":1}},"locations":[{"start":{"line":57,"column":7},"end":{"line":63,"column":1}}]},"3":{"type":"branch","line":58,"loc":{"start":{"line":58,"column":25},"end":{"line":60,"column":9}},"locations":[{"start":{"line":58,"column":25},"end":{"line":60,"column":9}}]},"4":{"type":"branch","line":60,"loc":{"start":{"line":60,"column":4},"end":{"line":62,"column":5}},"locations":[{"start":{"line":60,"column":4},"end":{"line":62,"column":5}}]},"5":{"type":"branch","line":69,"loc":{"start":{"line":69,"column":7},"end":{"line":77,"column":1}},"locations":[{"start":{"line":69,"column":7},"end":{"line":77,"column":1}}]},"6":{"type":"branch","line":70,"loc":{"start":{"line":70,"column":26},"end":{"line":76,"column":5}},"locations":[{"start":{"line":70,"column":26},"end":{"line":76,"column":5}}]},"7":{"type":"branch","line":72,"loc":{"start":{"line":72,"column":34},"end":{"line":76,"column":5}},"locations":[{"start":{"line":72,"column":34},"end":{"line":76,"column":5}}]},"8":{"type":"branch","line":86,"loc":{"start":{"line":86,"column":30},"end":{"line":88,"column":1}},"locations":[{"start":{"line":86,"column":30},"end":{"line":88,"column":1}}]},"9":{"type":"branch","line":90,"loc":{"start":{"line":90,"column":29},"end":{"line":98,"column":2}},"locations":[{"start":{"line":90,"column":29},"end":{"line":98,"column":2}}]},"10":{"type":"branch","line":93,"loc":{"start":{"line":93,"column":25},"end":{"line":97,"column":5}},"locations":[{"start":{"line":93,"column":25},"end":{"line":97,"column":5}}]},"11":{"type":"branch","line":105,"loc":{"start":{"line":105,"column":7},"end":{"line":110,"column":1}},"locations":[{"start":{"line":105,"column":7},"end":{"line":110,"column":1}}]},"12":{"type":"branch","line":106,"loc":{"start":{"line":106,"column":29},"end":{"line":108,"column":5}},"locations":[{"start":{"line":106,"column":29},"end":{"line":108,"column":5}}]},"13":{"type":"branch","line":108,"loc":{"start":{"line":108,"column":4},"end":{"line":110,"column":1}},"locations":[{"start":{"line":108,"column":4},"end":{"line":110,"column":1}}]},"14":{"type":"branch","line":127,"loc":{"start":{"line":127,"column":7},"end":{"line":134,"column":1}},"locations":[{"start":{"line":127,"column":7},"end":{"line":134,"column":1}}]},"15":{"type":"branch","line":128,"loc":{"start":{"line":128,"column":41},"end":{"line":132,"column":5}},"locations":[{"start":{"line":128,"column":41},"end":{"line":132,"column":5}}]},"16":{"type":"branch","line":129,"loc":{"start":{"line":129,"column":29},"end":{"line":131,"column":9}},"locations":[{"start":{"line":129,"column":29},"end":{"line":131,"column":9}}]},"17":{"type":"branch","line":132,"loc":{"start":{"line":132,"column":4},"end":{"line":134,"column":1}},"locations":[{"start":{"line":132,"column":4},"end":{"line":134,"column":1}}]}},"b":{"0":[3],"1":[3],"2":[3],"3":[2],"4":[1],"5":[4],"6":[2],"7":[1],"8":[1],"9":[2],"10":[1],"11":[4],"12":[3],"13":[1],"14":[3],"15":[8],"16":[1],"17":[2]},"fnMap":{"0":{"name":"createUser","decl":{"start":{"line":8,"column":7},"end":{"line":16,"column":1}},"loc":{"start":{"line":8,"column":7},"end":{"line":16,"column":1}},"line":8},"1":{"name":"createBook","decl":{"start":{"line":33,"column":7},"end":{"line":35,"column":1}},"loc":{"start":{"line":33,"column":7},"end":{"line":35,"column":1}},"line":33},"2":{"name":"Ploshad","decl":{"start":{"line":57,"column":7},"end":{"line":63,"column":1}},"loc":{"start":{"line":57,"column":7},"end":{"line":63,"column":1}},"line":57},"3":{"name":"Color","decl":{"start":{"line":69,"column":7},"end":{"line":77,"column":1}},"loc":{"start":{"line":69,"column":7},"end":{"line":77,"column":1}},"line":69},"4":{"name":"PervayBukvaUp","decl":{"start":{"line":86,"column":30},"end":{"line":88,"column":1}},"loc":{"start":{"line":86,"column":30},"end":{"line":88,"column":1}},"line":86},"5":{"name":"Deleteprobel","decl":{"start":{"line":90,"column":29},"end":{"line":98,"column":2}},"loc":{"start":{"line":90,"column":29},"end":{"line":98,"column":2}},"line":90},"6":{"name":"FirstEl","decl":{"start":{"line":105,"column":7},"end":{"line":110,"column":1}},"loc":{"start":{"line":105,"column":7},"end":{"line":110,"column":1}},"line":105},"7":{"name":"findId","decl":{"start":{"line":127,"column":7},"end":{"line":134,"column":1}},"loc":{"start":{"line":127,"column":7},"end":{"line":134,"column":1}},"line":127}},"f":{"0":3,"1":3,"2":3,"3":4,"4":1,"5":2,"6":4,"7":3}}
,"/Users/mihailkostrica/Desktop/visual-programming-dz/lab4type/src/lab4.ts": {"path":"/Users/mihailkostrica/Desktop/visual-programming-dz/lab4type/src/lab4.ts","all":false,"statementMap":{"0":{"start":{"line":1,"column":0},"end":{"line":1,"column":39}},"1":{"start":{"line":2,"column":0},"end":{"line":2,"column":0}},"2":{"start":{"line":3,"column":0},"end":{"line":3,"column":73}},"3":{"start":{"line":4,"column":0},"end":{"line":4,"column":0}},"4":{"start":{"line":5,"column":0},"end":{"line":5,"column":0}},"5":{"start":{"line":6,"column":0},"end":{"line":6,"column":59}},"6":{"start":{"line":7,"column":0},"end":{"line":7,"column":0}},"7":{"start":{"line":8,"column":0},"end":{"line":8,"column":42}},"8":{"start":{"line":9,"column":0},"end":{"line":9,"column":0}},"9":{"start":{"line":10,"column":0},"end":{"line":10,"column":75}},"10":{"start":{"line":11,"column":0},"end":{"line":11,"column":0}},"11":{"start":{"line":12,"column":0},"end":{"line":12,"column":37}},"12":{"start":{"line":13,"column":0},"end":{"line":13,"column":47}},"13":{"start":{"line":14,"column":0},"end":{"line":14,"column":31}},"14":{"start":{"line":15,"column":0},"end":{"line":15,"column":0}},"15":{"start":{"line":16,"column":0},"end":{"line":16,"column":0}},"16":{"start":{"line":17,"column":0},"end":{"line":17,"column":63}},"17":{"start":{"line":18,"column":0},"end":{"line":18,"column":25}},"18":{"start":{"line":19,"column":0},"end":{"line":19,"column":76}},"19":{"start":{"line":20,"column":0},"end":{"line":20,"column":4}},"20":{"start":{"line":21,"column":0},"end":{"line":21,"column":1}},"21":{"start":{"line":22,"column":0},"end":{"line":22,"column":0}},"22":{"start":{"line":23,"column":0},"end":{"line":23,"column":0}},"23":{"start":{"line":24,"column":0},"end":{"line":24,"column":67}},"24":{"start":{"line":25,"column":0},"end":{"line":25,"column":60}},"25":{"start":{"line":26,"column":0},"end":{"line":26,"column":0}},"26":{"start":{"line":27,"column":0},"end":{"line":27,"column":53}},"27":{"start":{"line":28,"column":0},"end":{"line":28,"column":45}},"28":{"start":{"line":29,"column":0},"end":{"line":29,"column":35}},"29":{"start":{"line":30,"column":0},"end":{"line":30,"column":42}},"30":{"start":{"line":31,"column":0},"end":{"line":31,"column":5}},"31":{"start":{"line":32,"column":0},"end":{"line":32,"column":0}},"32":{"start":{"line":33,"column":0},"end":{"line":33,"column":59}},"33":{"start":{"line":34,"column":0},"end":{"line":34,"column":20}},"34":{"start":{"line":35,"column":0},"end":{"line":35,"column":55}},"35":{"start":{"line":36,"column":0},"end":{"line":36,"column":30}},"36":{"start":{"line":37,"column":0},"end":{"line":37,"column":34}},"37":{"start":{"line":38,"column":0},"end":{"line":38,"column":64}},"38":{"start":{"line":39,"column":0},"end":{"line":39,"column":33}},"39":{"start":{"line":40,"column":0},"end":{"line":40,"column":5}},"40":{"start":{"line":41,"column":0},"end":{"line":41,"column":51}},"41":{"start":{"line":42,"column":0},"end":{"line":42,"column":4}},"42":{"start":{"line":43,"column":0},"end":{"line":43,"column":0}},"43":{"start":{"line":44,"column":0},"end":{"line":44,"column":75}},"44":{"start":{"line":45,"column":0},"end":{"line":45,"column":42}},"45":{"start":{"line":46,"column":0},"end":{"line":46,"column":0}},"46":{"start":{"line":47,"column":0},"end":{"line":47,"column":17}},"47":{"start":{"line":48,"column":0},"end":{"line":48,"column":63}}},"s":{"0":1,"1":1,"2":1,"3":1,"4":1,"5":1,"6":1,"7":1,"8":1,"9":1,"10":1,"11":1,"12":1,"13":1,"14":1,"15":1,"16":4,"17":4,"18":4,"19":4,"20":4,"21":1,"22":1,"23":1,"24":3,"25":1,"26":1,"27":1,"28":3,"29":3,"30":3,"31":1,"32":1,"33":2,"34":2,"35":2,"36":8,"37":8,"38":8,"39":8,"40":2,"41":2,"42":1,"43":1,"44":2,"45":1,"46":1,"47":1},"branchMap":{"0":{"type":"branch","line":17,"loc":{"start":{"line":17,"column":0},"end":{"line":21,"column":1}},"locations":[{"start":{"line":17,"column":0},"end":{"line":21,"column":1}}]},"1":{"type":"branch","line":18,"loc":{"start":{"line":18,"column":9},"end":{"line":20,"column":4}},"locations":[{"start":{"line":18,"column":9},"end":{"line":20,"column":4}}]},"2":{"type":"branch","line":19,"loc":{"start":{"line":19,"column":24},"end":{"line":19,"column":56}},"locations":[{"start":{"line":19,"column":24},"end":{"line":19,"column":56}}]},"3":{"type":"branch","line":24,"loc":{"start":{"line":24,"column":33},"end":{"line":25,"column":60}},"locations":[{"start":{"line":24,"column":33},"end":{"line":25,"column":60}}]},"4":{"type":"branch","line":25,"loc":{"start":{"line":25,"column":2},"end":{"line":25,"column":60}},"locations":[{"start":{"line":25,"column":2},"end":{"line":25,"column":60}}]},"5":{"type":"branch","line":25,"loc":{"start":{"line":25,"column":31},"end":{"line":25,"column":58}},"locations":[{"start":{"line":25,"column":31},"end":{"line":25,"column":58}}]},"6":{"type":"branch","line":27,"loc":{"start":{"line":27,"column":31},"end":{"line":31,"column":5}},"locations":[{"start":{"line":27,"column":31},"end":{"line":31,"column":5}}]},"7":{"type":"branch","line":28,"loc":{"start":{"line":28,"column":2},"end":{"line":31,"column":5}},"locations":[{"start":{"line":28,"column":2},"end":{"line":31,"column":5}}]},"8":{"type":"branch","line":28,"loc":{"start":{"line":28,"column":34},"end":{"line":31,"column":5}},"locations":[{"start":{"line":28,"column":34},"end":{"line":31,"column":5}}]},"9":{"type":"branch","line":30,"loc":{"start":{"line":30,"column":16},"end":{"line":30,"column":26}},"locations":[{"start":{"line":30,"column":16},"end":{"line":30,"column":26}}]},"10":{"type":"branch","line":30,"loc":{"start":{"line":30,"column":21},"end":{"line":30,"column":42}},"locations":[{"start":{"line":30,"column":21},"end":{"line":30,"column":42}}]},"11":{"type":"branch","line":30,"loc":{"start":{"line":30,"column":36},"end":{"line":30,"column":42}},"locations":[{"start":{"line":30,"column":36},"end":{"line":30,"column":42}}]},"12":{"type":"branch","line":33,"loc":{"start":{"line":33,"column":37},"end":{"line":42,"column":4}},"locations":[{"start":{"line":33,"column":37},"end":{"line":42,"column":4}}]},"13":{"type":"branch","line":34,"loc":{"start":{"line":34,"column":2},"end":{"line":42,"column":4}},"locations":[{"start":{"line":34,"column":2},"end":{"line":42,"column":4}}]},"14":{"type":"branch","line":36,"loc":{"start":{"line":36,"column":29},"end":{"line":40,"column":5}},"locations":[{"start":{"line":36,"column":29},"end":{"line":40,"column":5}}]},"15":{"type":"branch","line":38,"loc":{"start":{"line":38,"column":22},"end":{"line":38,"column":64}},"locations":[{"start":{"line":38,"column":22},"end":{"line":38,"column":64}}]},"16":{"type":"branch","line":41,"loc":{"start":{"line":41,"column":35},"end":{"line":41,"column":49}},"locations":[{"start":{"line":41,"column":35},"end":{"line":41,"column":49}}]},"17":{"type":"branch","line":44,"loc":{"start":{"line":44,"column":35},"end":{"line":45,"column":42}},"locations":[{"start":{"line":44,"column":35},"end":{"line":45,"column":42}}]},"18":{"type":"branch","line":45,"loc":{"start":{"line":45,"column":2},"end":{"line":45,"column":42}},"locations":[{"start":{"line":45,"column":2},"end":{"line":45,"column":42}}]}},"b":{"0":[4],"1":[4],"2":[8],"3":[3],"4":[3],"5":[11],"6":[1],"7":[1],"8":[3],"9":[1],"10":[2],"11":[0],"12":[2],"13":[2],"14":[8],"15":[4],"16":[4],"17":[2],"18":[2]},"fnMap":{"0":{"name":"query","decl":{"start":{"line":17,"column":0},"end":{"line":21,"column":1}},"loc":{"start":{"line":17,"column":0},"end":{"line":21,"column":1}},"line":17},"1":{"name":"where","decl":{"start":{"line":24,"column":33},"end":{"line":25,"column":60}},"loc":{"start":{"line":24,"column":33},"end":{"line":25,"column":60}},"line":24},"2":{"name":"sort","decl":{"start":{"line":27,"column":31},"end":{"line":31,"column":5}},"loc":{"start":{"line":27,"column":31},"end":{"line":31,"column":5}},"line":27},"3":{"name":"groupBy","decl":{"start":{"line":33,"column":37},"end":{"line":42,"column":4}},"loc":{"start":{"line":33,"column":37},"end":{"line":42,"column":4}},"line":33},"4":{"name":"having","decl":{"start":{"line":44,"column":35},"end":{"line":45,"column":42}},"loc":{"start":{"line":44,"column":35},"end":{"line":45,"column":42}},"line":44}},"f":{"0":4,"1":3,"2":1,"3":2,"4":2}}
}
